{"C:\\code\\ChatBox\\backend\\src\\app.ts": {"path":"C:\\code\\ChatBox\\backend\\src\\app.ts","statementMap":{"0":{"start":{"line":1,"column":0},"end":{"line":1,"column":58}},"1":{"start":{"line":2,"column":0},"end":{"line":2,"column":27}},"2":{"start":{"line":3,"column":0},"end":{"line":3,"column":23}},"3":{"start":{"line":5,"column":0},"end":{"line":5,"column":37}},"4":{"start":{"line":6,"column":0},"end":{"line":6,"column":43}},"5":{"start":{"line":7,"column":0},"end":{"line":7,"column":49}},"6":{"start":{"line":8,"column":0},"end":{"line":8,"column":45}},"7":{"start":{"line":9,"column":0},"end":{"line":9,"column":55}},"8":{"start":{"line":15,"column":0},"end":{"line":15,"column":null}},"9":{"start":{"line":17,"column":26},"end":{"line":17,"column":35}},"10":{"start":{"line":19,"column":0},"end":{"line":23,"column":null}},"11":{"start":{"line":25,"column":0},"end":{"line":25,"column":null}},"12":{"start":{"line":26,"column":0},"end":{"line":26,"column":null}},"13":{"start":{"line":28,"column":0},"end":{"line":32,"column":4}},"14":{"start":{"line":35,"column":0},"end":{"line":35,"column":31}},"15":{"start":{"line":36,"column":0},"end":{"line":36,"column":28}},"16":{"start":{"line":87,"column":0},"end":{"line":87,"column":null}},"17":{"start":{"line":88,"column":0},"end":{"line":88,"column":null}},"18":{"start":{"line":89,"column":0},"end":{"line":89,"column":null}},"19":{"start":{"line":90,"column":0},"end":{"line":92,"column":null}},"20":{"start":{"line":91,"column":2},"end":{"line":91,"column":25}},"21":{"start":{"line":94,"column":0},"end":{"line":94,"column":20}}},"fnMap":{"0":{"name":"(anonymous_1)","decl":{"start":{"line":90,"column":12},"end":{"line":90,"column":13}},"loc":{"start":{"line":90,"column":24},"end":{"line":92,"column":1}}}},"branchMap":{"0":{"loc":{"start":{"line":29,"column":10},"end":{"line":29,"column":48}},"type":"binary-expr","locations":[{"start":{"line":29,"column":10},"end":{"line":29,"column":36}},{"start":{"line":29,"column":40},"end":{"line":29,"column":48}}]}},"s":{"0":1,"1":1,"2":1,"3":1,"4":1,"5":1,"6":1,"7":1,"8":1,"9":1,"10":1,"11":1,"12":1,"13":1,"14":1,"15":1,"16":1,"17":1,"18":1,"19":1,"20":1,"21":1},"f":{"0":1},"b":{"0":[1,0]}}
,"C:\\code\\ChatBox\\backend\\src\\config\\prisma.ts": {"path":"C:\\code\\ChatBox\\backend\\src\\config\\prisma.ts","statementMap":{"0":{"start":{"line":1,"column":0},"end":{"line":1,"column":46}},"1":{"start":{"line":3,"column":15},"end":{"line":3,"column":33}},"2":{"start":{"line":5,"column":0},"end":{"line":5,"column":22}}},"fnMap":{},"branchMap":{},"s":{"0":1,"1":1,"2":1},"f":{},"b":{}}
,"C:\\code\\ChatBox\\backend\\src\\controllers\\auth.controller.ts": {"path":"C:\\code\\ChatBox\\backend\\src\\controllers\\auth.controller.ts","statementMap":{"0":{"start":{"line":2,"column":0},"end":{"line":2,"column":51}},"1":{"start":{"line":3,"column":0},"end":{"line":3,"column":77}},"2":{"start":{"line":6,"column":22},"end":{"line":21,"column":2}},"3":{"start":{"line":6,"column":60},"end":{"line":21,"column":2}},"4":{"start":{"line":7,"column":44},"end":{"line":7,"column":52}},"5":{"start":{"line":9,"column":2},"end":{"line":20,"column":3}},"6":{"start":{"line":10,"column":19},"end":{"line":10,"column":59}},"7":{"start":{"line":11,"column":4},"end":{"line":13,"column":5}},"8":{"start":{"line":12,"column":5},"end":{"line":12,"column":59}},"9":{"start":{"line":14,"column":15},"end":{"line":14,"column":79}},"10":{"start":{"line":15,"column":16},"end":{"line":15,"column":46}},"11":{"start":{"line":16,"column":2},"end":{"line":16,"column":115}},"12":{"start":{"line":18,"column":4},"end":{"line":18,"column":null}},"13":{"start":{"line":19,"column":4},"end":{"line":19,"column":89}},"14":{"start":{"line":6,"column":13},"end":{"line":6,"column":22}},"15":{"start":{"line":25,"column":21},"end":{"line":37,"column":2}},"16":{"start":{"line":25,"column":79},"end":{"line":37,"column":2}},"17":{"start":{"line":26,"column":30},"end":{"line":26,"column":38}},"18":{"start":{"line":27,"column":1},"end":{"line":36,"column":1}},"19":{"start":{"line":28,"column":15},"end":{"line":28,"column":55}},"20":{"start":{"line":29,"column":2},"end":{"line":31,"column":3}},"21":{"start":{"line":30,"column":3},"end":{"line":30,"column":65}},"22":{"start":{"line":32,"column":16},"end":{"line":32,"column":46}},"23":{"start":{"line":33,"column":2},"end":{"line":33,"column":106}},"24":{"start":{"line":35,"column":2},"end":{"line":35,"column":86}},"25":{"start":{"line":25,"column":13},"end":{"line":25,"column":21}},"26":{"start":{"line":40,"column":27},"end":{"line":52,"column":null}},"27":{"start":{"line":40,"column":66},"end":{"line":52,"column":null}},"28":{"start":{"line":42,"column":17},"end":{"line":42,"column":32}},"29":{"start":{"line":43,"column":18},"end":{"line":43,"column":47}},"30":{"start":{"line":50,"column":17},"end":{"line":50,"column":122}},"31":{"start":{"line":51,"column":2},"end":{"line":51,"column":67}},"32":{"start":{"line":40,"column":13},"end":{"line":40,"column":27}}},"fnMap":{"0":{"name":"(anonymous_8)","decl":{"start":{"line":6,"column":22},"end":{"line":6,"column":29}},"loc":{"start":{"line":6,"column":60},"end":{"line":21,"column":2}}},"1":{"name":"(anonymous_9)","decl":{"start":{"line":6,"column":60},"end":{"line":6,"column":null}},"loc":{"start":{"line":6,"column":60},"end":{"line":21,"column":1}}},"2":{"name":"(anonymous_10)","decl":{"start":{"line":25,"column":21},"end":{"line":25,"column":28}},"loc":{"start":{"line":25,"column":79},"end":{"line":37,"column":2}}},"3":{"name":"(anonymous_11)","decl":{"start":{"line":25,"column":79},"end":{"line":25,"column":null}},"loc":{"start":{"line":25,"column":79},"end":{"line":37,"column":1}}},"4":{"name":"(anonymous_12)","decl":{"start":{"line":40,"column":27},"end":{"line":40,"column":34}},"loc":{"start":{"line":40,"column":66},"end":{"line":52,"column":null}}},"5":{"name":"(anonymous_13)","decl":{"start":{"line":40,"column":66},"end":{"line":40,"column":null}},"loc":{"start":{"line":40,"column":66},"end":{"line":52,"column":1}}}},"branchMap":{"0":{"loc":{"start":{"line":11,"column":4},"end":{"line":13,"column":5}},"type":"if","locations":[{"start":{"line":11,"column":4},"end":{"line":13,"column":5}}]},"1":{"loc":{"start":{"line":29,"column":2},"end":{"line":31,"column":3}},"type":"if","locations":[{"start":{"line":29,"column":2},"end":{"line":31,"column":3}}]},"2":{"loc":{"start":{"line":29,"column":6},"end":{"line":29,"column":64}},"type":"binary-expr","locations":[{"start":{"line":29,"column":6},"end":{"line":29,"column":11}},{"start":{"line":29,"column":15},"end":{"line":29,"column":64}}]}},"s":{"0":1,"1":1,"2":1,"3":0,"4":0,"5":0,"6":0,"7":0,"8":0,"9":0,"10":0,"11":0,"12":0,"13":0,"14":1,"15":1,"16":0,"17":0,"18":0,"19":0,"20":0,"21":0,"22":0,"23":0,"24":0,"25":1,"26":1,"27":0,"28":0,"29":0,"30":0,"31":0,"32":1},"f":{"0":0,"1":0,"2":0,"3":0,"4":0,"5":0},"b":{"0":[0],"1":[0],"2":[0,0]}}
,"C:\\code\\ChatBox\\backend\\src\\controllers\\group.controller.ts": {"path":"C:\\code\\ChatBox\\backend\\src\\controllers\\group.controller.ts","statementMap":{"0":{"start":{"line":3,"column":0},"end":{"line":3,"column":89}},"1":{"start":{"line":5,"column":27},"end":{"line":13,"column":null}},"2":{"start":{"line":5,"column":66},"end":{"line":13,"column":null}},"3":{"start":{"line":6,"column":41},"end":{"line":6,"column":49}},"4":{"start":{"line":7,"column":4},"end":{"line":12,"column":5}},"5":{"start":{"line":8,"column":20},"end":{"line":8,"column":70}},"6":{"start":{"line":9,"column":17},"end":{"line":9,"column":null}},"7":{"start":{"line":11,"column":8},"end":{"line":11,"column":null}},"8":{"start":{"line":5,"column":13},"end":{"line":5,"column":27}},"9":{"start":{"line":15,"column":25},"end":{"line":22,"column":null}},"10":{"start":{"line":15,"column":64},"end":{"line":22,"column":null}},"11":{"start":{"line":16,"column":4},"end":{"line":21,"column":5}},"12":{"start":{"line":17,"column":20},"end":{"line":17,"column":39}},"13":{"start":{"line":18,"column":6},"end":{"line":18,"column":null}},"14":{"start":{"line":20,"column":8},"end":{"line":20,"column":null}},"15":{"start":{"line":15,"column":13},"end":{"line":15,"column":25}},"16":{"start":{"line":24,"column":24},"end":{"line":32,"column":null}},"17":{"start":{"line":24,"column":63},"end":{"line":32,"column":null}},"18":{"start":{"line":25,"column":23},"end":{"line":25,"column":33}},"19":{"start":{"line":26,"column":4},"end":{"line":31,"column":5}},"20":{"start":{"line":27,"column":20},"end":{"line":27,"column":50}},"21":{"start":{"line":28,"column":6},"end":{"line":28,"column":null}},"22":{"start":{"line":30,"column":8},"end":{"line":30,"column":null}},"23":{"start":{"line":24,"column":13},"end":{"line":24,"column":24}}},"fnMap":{"0":{"name":"(anonymous_7)","decl":{"start":{"line":5,"column":27},"end":{"line":5,"column":34}},"loc":{"start":{"line":5,"column":66},"end":{"line":13,"column":null}}},"1":{"name":"(anonymous_8)","decl":{"start":{"line":5,"column":66},"end":{"line":5,"column":null}},"loc":{"start":{"line":5,"column":66},"end":{"line":13,"column":1}}},"2":{"name":"(anonymous_9)","decl":{"start":{"line":15,"column":25},"end":{"line":15,"column":32}},"loc":{"start":{"line":15,"column":64},"end":{"line":22,"column":null}}},"3":{"name":"(anonymous_10)","decl":{"start":{"line":15,"column":64},"end":{"line":15,"column":null}},"loc":{"start":{"line":15,"column":64},"end":{"line":22,"column":1}}},"4":{"name":"(anonymous_11)","decl":{"start":{"line":24,"column":24},"end":{"line":24,"column":31}},"loc":{"start":{"line":24,"column":63},"end":{"line":32,"column":null}}},"5":{"name":"(anonymous_12)","decl":{"start":{"line":24,"column":63},"end":{"line":24,"column":null}},"loc":{"start":{"line":24,"column":63},"end":{"line":32,"column":1}}}},"branchMap":{},"s":{"0":1,"1":1,"2":0,"3":0,"4":0,"5":0,"6":0,"7":0,"8":1,"9":1,"10":0,"11":0,"12":0,"13":0,"14":0,"15":1,"16":1,"17":0,"18":0,"19":0,"20":0,"21":0,"22":0,"23":1},"f":{"0":0,"1":0,"2":0,"3":0,"4":0,"5":0},"b":{}}
,"C:\\code\\ChatBox\\backend\\src\\controllers\\message.controller.ts": {"path":"C:\\code\\ChatBox\\backend\\src\\controllers\\message.controller.ts","statementMap":{"0":{"start":{"line":3,"column":0},"end":{"line":3,"column":94}},"1":{"start":{"line":4,"column":0},"end":{"line":4,"column":50}},"2":{"start":{"line":7,"column":26},"end":{"line":25,"column":null}},"3":{"start":{"line":7,"column":61},"end":{"line":25,"column":null}},"4":{"start":{"line":8,"column":53},"end":{"line":8,"column":61}},"5":{"start":{"line":9,"column":18},"end":{"line":9,"column":27}},"6":{"start":{"line":10,"column":5},"end":{"line":10,"column":null}},"7":{"start":{"line":11,"column":5},"end":{"line":11,"column":null}},"8":{"start":{"line":12,"column":5},"end":{"line":12,"column":null}},"9":{"start":{"line":14,"column":3},"end":{"line":17,"column":4}},"10":{"start":{"line":15,"column":19},"end":{"line":15,"column":51}},"11":{"start":{"line":16,"column":4},"end":{"line":16,"column":null}},"12":{"start":{"line":19,"column":5},"end":{"line":24,"column":6}},"13":{"start":{"line":20,"column":20},"end":{"line":20,"column":79}},"14":{"start":{"line":21,"column":7},"end":{"line":21,"column":null}},"15":{"start":{"line":23,"column":8},"end":{"line":23,"column":null}},"16":{"start":{"line":7,"column":13},"end":{"line":7,"column":26}},"17":{"start":{"line":28,"column":26},"end":{"line":38,"column":null}},"18":{"start":{"line":28,"column":65},"end":{"line":38,"column":null}},"19":{"start":{"line":29,"column":38},"end":{"line":29,"column":48}},"20":{"start":{"line":31,"column":7},"end":{"line":31,"column":null}},"21":{"start":{"line":32,"column":7},"end":{"line":32,"column":13}},"22":{"start":{"line":33,"column":4},"end":{"line":37,"column":5}},"23":{"start":{"line":34,"column":21},"end":{"line":34,"column":63}},"24":{"start":{"line":36,"column":8},"end":{"line":36,"column":null}},"25":{"start":{"line":28,"column":13},"end":{"line":28,"column":26}},"26":{"start":{"line":40,"column":31},"end":{"line":50,"column":null}},"27":{"start":{"line":40,"column":67},"end":{"line":50,"column":null}},"28":{"start":{"line":42,"column":22},"end":{"line":42,"column":32}},"29":{"start":{"line":44,"column":4},"end":{"line":49,"column":5}},"30":{"start":{"line":45,"column":26},"end":{"line":45,"column":58}},"31":{"start":{"line":46,"column":4},"end":{"line":46,"column":null}},"32":{"start":{"line":48,"column":8},"end":{"line":48,"column":null}},"33":{"start":{"line":40,"column":13},"end":{"line":40,"column":31}}},"fnMap":{"0":{"name":"(anonymous_7)","decl":{"start":{"line":7,"column":26},"end":{"line":7,"column":33}},"loc":{"start":{"line":7,"column":61},"end":{"line":25,"column":null}}},"1":{"name":"(anonymous_8)","decl":{"start":{"line":7,"column":61},"end":{"line":7,"column":null}},"loc":{"start":{"line":7,"column":61},"end":{"line":25,"column":1}}},"2":{"name":"(anonymous_9)","decl":{"start":{"line":28,"column":26},"end":{"line":28,"column":33}},"loc":{"start":{"line":28,"column":65},"end":{"line":38,"column":null}}},"3":{"name":"(anonymous_10)","decl":{"start":{"line":28,"column":65},"end":{"line":28,"column":null}},"loc":{"start":{"line":28,"column":65},"end":{"line":38,"column":1}}},"4":{"name":"(anonymous_11)","decl":{"start":{"line":40,"column":31},"end":{"line":40,"column":38}},"loc":{"start":{"line":40,"column":67},"end":{"line":50,"column":null}}},"5":{"name":"(anonymous_12)","decl":{"start":{"line":40,"column":67},"end":{"line":40,"column":null}},"loc":{"start":{"line":40,"column":67},"end":{"line":50,"column":1}}}},"branchMap":{"0":{"loc":{"start":{"line":14,"column":3},"end":{"line":17,"column":4}},"type":"if","locations":[{"start":{"line":14,"column":3},"end":{"line":17,"column":4}}]}},"s":{"0":1,"1":1,"2":1,"3":0,"4":0,"5":0,"6":0,"7":0,"8":0,"9":0,"10":0,"11":0,"12":0,"13":0,"14":0,"15":0,"16":1,"17":1,"18":0,"19":0,"20":0,"21":0,"22":0,"23":0,"24":0,"25":1,"26":1,"27":0,"28":0,"29":0,"30":0,"31":0,"32":0,"33":1},"f":{"0":0,"1":0,"2":0,"3":0,"4":0,"5":0},"b":{"0":[0]}}
,"C:\\code\\ChatBox\\backend\\src\\middleware\\multerUpload.middleware.ts": {"path":"C:\\code\\ChatBox\\backend\\src\\middleware\\multerUpload.middleware.ts","statementMap":{"0":{"start":{"line":1,"column":15},"end":{"line":1,"column":32}},"1":{"start":{"line":3,"column":13},"end":{"line":3,"column":null}}},"fnMap":{},"branchMap":{},"s":{"0":1,"1":1},"f":{},"b":{}}
,"C:\\code\\ChatBox\\backend\\src\\middleware\\passport.middleware.ts": {"path":"C:\\code\\ChatBox\\backend\\src\\middleware\\passport.middleware.ts","statementMap":{"0":{"start":{"line":3,"column":0},"end":{"line":3,"column":32}},"1":{"start":{"line":4,"column":0},"end":{"line":4,"column":62}},"2":{"start":{"line":5,"column":0},"end":{"line":5,"column":38}},"3":{"start":{"line":6,"column":0},"end":{"line":6,"column":50}},"4":{"start":{"line":7,"column":0},"end":{"line":7,"column":50}},"5":{"start":{"line":9,"column":0},"end":{"line":42,"column":2}},"6":{"start":{"line":17,"column":79},"end":{"line":40,"column":null}},"7":{"start":{"line":18,"column":6},"end":{"line":39,"column":7}},"8":{"start":{"line":19,"column":8},"end":{"line":19,"column":null}},"9":{"start":{"line":21,"column":20},"end":{"line":21,"column":51}},"10":{"start":{"line":22,"column":20},"end":{"line":22,"column":36}},"11":{"start":{"line":23,"column":23},"end":{"line":23,"column":37}},"12":{"start":{"line":24,"column":21},"end":{"line":24,"column":44}},"13":{"start":{"line":28,"column":8},"end":{"line":28,"column":null}},"14":{"start":{"line":30,"column":11},"end":{"line":34,"column":12}},"15":{"start":{"line":31,"column":35},"end":{"line":31,"column":63}},"16":{"start":{"line":32,"column":13},"end":{"line":32,"column":null}},"17":{"start":{"line":33,"column":13},"end":{"line":33,"column":null}},"18":{"start":{"line":36,"column":9},"end":{"line":36,"column":33}},"19":{"start":{"line":38,"column":8},"end":{"line":38,"column":33}},"20":{"start":{"line":45,"column":0},"end":{"line":47,"column":3}},"21":{"start":{"line":46,"column":2},"end":{"line":46,"column":22}},"22":{"start":{"line":50,"column":0},"end":{"line":57,"column":3}},"23":{"start":{"line":50,"column":52},"end":{"line":57,"column":2}},"24":{"start":{"line":51,"column":2},"end":{"line":56,"column":3}},"25":{"start":{"line":52,"column":17},"end":{"line":52,"column":64}},"26":{"start":{"line":53,"column":4},"end":{"line":53,"column":21}},"27":{"start":{"line":55,"column":4},"end":{"line":55,"column":22}},"28":{"start":{"line":59,"column":0},"end":{"line":59,"column":24}}},"fnMap":{"0":{"name":"(anonymous_8)","decl":{"start":{"line":17,"column":4},"end":{"line":17,"column":11}},"loc":{"start":{"line":17,"column":79},"end":{"line":40,"column":null}}},"1":{"name":"(anonymous_9)","decl":{"start":{"line":17,"column":79},"end":{"line":17,"column":null}},"loc":{"start":{"line":17,"column":79},"end":{"line":40,"column":5}}},"2":{"name":"(anonymous_10)","decl":{"start":{"line":45,"column":23},"end":{"line":45,"column":24}},"loc":{"start":{"line":45,"column":43},"end":{"line":47,"column":1}}},"3":{"name":"(anonymous_11)","decl":{"start":{"line":50,"column":25},"end":{"line":50,"column":32}},"loc":{"start":{"line":50,"column":52},"end":{"line":57,"column":2}}},"4":{"name":"(anonymous_12)","decl":{"start":{"line":50,"column":52},"end":{"line":50,"column":null}},"loc":{"start":{"line":50,"column":52},"end":{"line":57,"column":1}}}},"branchMap":{"0":{"loc":{"start":{"line":30,"column":11},"end":{"line":34,"column":12}},"type":"if","locations":[{"start":{"line":30,"column":11},"end":{"line":34,"column":12}}]}},"s":{"0":1,"1":1,"2":1,"3":1,"4":1,"5":1,"6":0,"7":0,"8":0,"9":0,"10":0,"11":0,"12":0,"13":0,"14":0,"15":0,"16":0,"17":0,"18":0,"19":0,"20":1,"21":0,"22":1,"23":0,"24":0,"25":0,"26":0,"27":0,"28":1},"f":{"0":0,"1":0,"2":0,"3":0,"4":0},"b":{"0":[0]}}
,"C:\\code\\ChatBox\\backend\\src\\routes\\auth.route.ts": {"path":"C:\\code\\ChatBox\\backend\\src\\routes\\auth.route.ts","statementMap":{"0":{"start":{"line":1,"column":0},"end":{"line":1,"column":30}},"1":{"start":{"line":2,"column":0},"end":{"line":2,"column":76}},"2":{"start":{"line":3,"column":0},"end":{"line":3,"column":57}},"3":{"start":{"line":4,"column":15},"end":{"line":4,"column":31}},"4":{"start":{"line":6,"column":0},"end":{"line":6,"column":31}},"5":{"start":{"line":8,"column":0},"end":{"line":8,"column":29}},"6":{"start":{"line":10,"column":0},"end":{"line":10,"column":82}},"7":{"start":{"line":12,"column":0},"end":{"line":12,"column":null}},"8":{"start":{"line":15,"column":0},"end":{"line":15,"column":22}}},"fnMap":{},"branchMap":{},"s":{"0":1,"1":1,"2":1,"3":1,"4":1,"5":1,"6":1,"7":1,"8":1},"f":{},"b":{}}
,"C:\\code\\ChatBox\\backend\\src\\routes\\group.route.ts": {"path":"C:\\code\\ChatBox\\backend\\src\\routes\\group.route.ts","statementMap":{"0":{"start":{"line":1,"column":0},"end":{"line":1,"column":33}},"1":{"start":{"line":2,"column":0},"end":{"line":2,"column":81}},"2":{"start":{"line":4,"column":15},"end":{"line":4,"column":23}},"3":{"start":{"line":6,"column":0},"end":{"line":6,"column":null}},"4":{"start":{"line":8,"column":0},"end":{"line":8,"column":null}},"5":{"start":{"line":10,"column":0},"end":{"line":10,"column":null}},"6":{"start":{"line":12,"column":0},"end":{"line":12,"column":23}}},"fnMap":{},"branchMap":{},"s":{"0":1,"1":1,"2":1,"3":1,"4":1,"5":1,"6":1},"f":{},"b":{}}
,"C:\\code\\ChatBox\\backend\\src\\routes\\message.route.ts": {"path":"C:\\code\\ChatBox\\backend\\src\\routes\\message.route.ts","statementMap":{"0":{"start":{"line":1,"column":0},"end":{"line":1,"column":33}},"1":{"start":{"line":2,"column":0},"end":{"line":2,"column":89}},"2":{"start":{"line":3,"column":0},"end":{"line":3,"column":63}},"3":{"start":{"line":6,"column":15},"end":{"line":6,"column":23}},"4":{"start":{"line":8,"column":1},"end":{"line":8,"column":null}},"5":{"start":{"line":10,"column":1},"end":{"line":10,"column":null}},"6":{"start":{"line":12,"column":1},"end":{"line":12,"column":null}},"7":{"start":{"line":14,"column":0},"end":{"line":14,"column":null}}},"fnMap":{},"branchMap":{},"s":{"0":1,"1":1,"2":1,"3":1,"4":1,"5":1,"6":1,"7":1},"f":{},"b":{}}
,"C:\\code\\ChatBox\\backend\\src\\services\\auth.service.ts": {"path":"C:\\code\\ChatBox\\backend\\src\\services\\auth.service.ts","statementMap":{"0":{"start":{"line":1,"column":0},"end":{"line":1,"column":38}},"1":{"start":{"line":2,"column":0},"end":{"line":2,"column":50}},"2":{"start":{"line":11,"column":26},"end":{"line":15,"column":2}},"3":{"start":{"line":11,"column":79},"end":{"line":15,"column":2}},"4":{"start":{"line":12,"column":26},"end":{"line":12,"column":54}},"5":{"start":{"line":14,"column":2},"end":{"line":14,"column":98}},"6":{"start":{"line":11,"column":13},"end":{"line":11,"column":26}},"7":{"start":{"line":17,"column":25},"end":{"line":19,"column":2}},"8":{"start":{"line":17,"column":49},"end":{"line":19,"column":2}},"9":{"start":{"line":18,"column":2},"end":{"line":18,"column":61}},"10":{"start":{"line":21,"column":0},"end":{"line":21,"column":47}}},"fnMap":{"0":{"name":"(anonymous_8)","decl":{"start":{"line":11,"column":26},"end":{"line":11,"column":33}},"loc":{"start":{"line":11,"column":79},"end":{"line":15,"column":2}}},"1":{"name":"(anonymous_9)","decl":{"start":{"line":11,"column":79},"end":{"line":11,"column":null}},"loc":{"start":{"line":11,"column":75},"end":{"line":15,"column":1}}},"2":{"name":"(anonymous_10)","decl":{"start":{"line":17,"column":25},"end":{"line":17,"column":32}},"loc":{"start":{"line":17,"column":49},"end":{"line":19,"column":2}}},"3":{"name":"(anonymous_11)","decl":{"start":{"line":17,"column":49},"end":{"line":17,"column":null}},"loc":{"start":{"line":17,"column":49},"end":{"line":19,"column":1}}}},"branchMap":{},"s":{"0":1,"1":1,"2":1,"3":0,"4":0,"5":0,"6":1,"7":1,"8":0,"9":0,"10":1},"f":{"0":0,"1":0,"2":0,"3":0},"b":{}}
,"C:\\code\\ChatBox\\backend\\src\\services\\group.service.ts": {"path":"C:\\code\\ChatBox\\backend\\src\\services\\group.service.ts","statementMap":{"0":{"start":{"line":2,"column":0},"end":{"line":2,"column":38}},"1":{"start":{"line":10,"column":30},"end":{"line":18,"column":null}},"2":{"start":{"line":10,"column":79},"end":{"line":18,"column":null}},"3":{"start":{"line":12,"column":4},"end":{"line":17,"column":null}},"4":{"start":{"line":10,"column":13},"end":{"line":10,"column":30}},"5":{"start":{"line":20,"column":27},"end":{"line":22,"column":null}},"6":{"start":{"line":20,"column":38},"end":{"line":22,"column":null}},"7":{"start":{"line":21,"column":2},"end":{"line":21,"column":null}},"8":{"start":{"line":20,"column":13},"end":{"line":20,"column":27}},"9":{"start":{"line":25,"column":31},"end":{"line":34,"column":null}},"10":{"start":{"line":25,"column":58},"end":{"line":34,"column":null}},"11":{"start":{"line":26,"column":4},"end":{"line":33,"column":null}},"12":{"start":{"line":25,"column":13},"end":{"line":25,"column":31}}},"fnMap":{"0":{"name":"(anonymous_8)","decl":{"start":{"line":10,"column":30},"end":{"line":10,"column":37}},"loc":{"start":{"line":10,"column":79},"end":{"line":18,"column":null}}},"1":{"name":"(anonymous_9)","decl":{"start":{"line":10,"column":79},"end":{"line":10,"column":null}},"loc":{"start":{"line":10,"column":75},"end":{"line":18,"column":1}}},"2":{"name":"(anonymous_10)","decl":{"start":{"line":20,"column":27},"end":{"line":20,"column":36}},"loc":{"start":{"line":20,"column":38},"end":{"line":22,"column":null}}},"3":{"name":"(anonymous_11)","decl":{"start":{"line":20,"column":38},"end":{"line":20,"column":null}},"loc":{"start":{"line":20,"column":38},"end":{"line":22,"column":1}}},"4":{"name":"(anonymous_12)","decl":{"start":{"line":25,"column":31},"end":{"line":25,"column":38}},"loc":{"start":{"line":25,"column":58},"end":{"line":34,"column":null}}},"5":{"name":"(anonymous_13)","decl":{"start":{"line":25,"column":58},"end":{"line":25,"column":null}},"loc":{"start":{"line":25,"column":58},"end":{"line":34,"column":1}}}},"branchMap":{},"s":{"0":1,"1":1,"2":0,"3":0,"4":1,"5":1,"6":0,"7":0,"8":1,"9":1,"10":0,"11":0,"12":1},"f":{"0":0,"1":0,"2":0,"3":0,"4":0,"5":0},"b":{}}
,"C:\\code\\ChatBox\\backend\\src\\services\\message.service.ts": {"path":"C:\\code\\ChatBox\\backend\\src\\services\\message.service.ts","statementMap":{"0":{"start":{"line":1,"column":0},"end":{"line":1,"column":38}},"1":{"start":{"line":15,"column":32},"end":{"line":17,"column":null}},"2":{"start":{"line":15,"column":61},"end":{"line":17,"column":null}},"3":{"start":{"line":16,"column":4},"end":{"line":16,"column":null}},"4":{"start":{"line":15,"column":16},"end":{"line":15,"column":32}},"5":{"start":{"line":20,"column":31},"end":{"line":31,"column":null}},"6":{"start":{"line":20,"column":80},"end":{"line":31,"column":null}},"7":{"start":{"line":21,"column":4},"end":{"line":30,"column":7}},"8":{"start":{"line":20,"column":14},"end":{"line":20,"column":31}},"9":{"start":{"line":35,"column":33},"end":{"line":40,"column":null}},"10":{"start":{"line":35,"column":60},"end":{"line":40,"column":null}},"11":{"start":{"line":36,"column":4},"end":{"line":39,"column":null}},"12":{"start":{"line":35,"column":14},"end":{"line":35,"column":33}}},"fnMap":{"0":{"name":"(anonymous_8)","decl":{"start":{"line":15,"column":32},"end":{"line":15,"column":39}},"loc":{"start":{"line":15,"column":61},"end":{"line":17,"column":null}}},"1":{"name":"(anonymous_9)","decl":{"start":{"line":15,"column":61},"end":{"line":15,"column":null}},"loc":{"start":{"line":15,"column":61},"end":{"line":17,"column":3}}},"2":{"name":"(anonymous_10)","decl":{"start":{"line":20,"column":31},"end":{"line":20,"column":38}},"loc":{"start":{"line":20,"column":80},"end":{"line":31,"column":null}}},"3":{"name":"(anonymous_11)","decl":{"start":{"line":20,"column":80},"end":{"line":20,"column":null}},"loc":{"start":{"line":20,"column":80},"end":{"line":31,"column":2}}},"4":{"name":"(anonymous_12)","decl":{"start":{"line":35,"column":33},"end":{"line":35,"column":40}},"loc":{"start":{"line":35,"column":60},"end":{"line":40,"column":null}}},"5":{"name":"(anonymous_13)","decl":{"start":{"line":35,"column":60},"end":{"line":35,"column":null}},"loc":{"start":{"line":35,"column":60},"end":{"line":40,"column":2}}}},"branchMap":{},"s":{"0":1,"1":1,"2":0,"3":0,"4":1,"5":1,"6":0,"7":0,"8":1,"9":1,"10":0,"11":0,"12":1},"f":{"0":0,"1":0,"2":0,"3":0,"4":0,"5":0},"b":{}}
,"C:\\code\\ChatBox\\backend\\src\\utils\\auth.util.ts": {"path":"C:\\code\\ChatBox\\backend\\src\\utils\\auth.util.ts","statementMap":{"0":{"start":{"line":1,"column":0},"end":{"line":1,"column":31}},"1":{"start":{"line":2,"column":0},"end":{"line":2,"column":31}},"2":{"start":{"line":4,"column":20},"end":{"line":4,"column":72}},"3":{"start":{"line":5,"column":19},"end":{"line":5,"column":61}},"4":{"start":{"line":6,"column":23},"end":{"line":6,"column":57}},"5":{"start":{"line":8,"column":28},"end":{"line":10,"column":2}},"6":{"start":{"line":8,"column":73},"end":{"line":10,"column":2}},"7":{"start":{"line":9,"column":2},"end":{"line":9,"column":50}},"8":{"start":{"line":9,"column":50},"end":{"line":9,"column":null}},"9":{"start":{"line":8,"column":13},"end":{"line":8,"column":28}},"10":{"start":{"line":12,"column":31},"end":{"line":14,"column":2}},"11":{"start":{"line":12,"column":90},"end":{"line":14,"column":2}},"12":{"start":{"line":13,"column":2},"end":{"line":13,"column":46}},"13":{"start":{"line":12,"column":13},"end":{"line":12,"column":31}},"14":{"start":{"line":16,"column":29},"end":{"line":18,"column":1}},"15":{"start":{"line":17,"column":2},"end":{"line":17,"column":70}},"16":{"start":{"line":16,"column":13},"end":{"line":16,"column":29}},"17":{"start":{"line":20,"column":27},"end":{"line":22,"column":1}},"18":{"start":{"line":21,"column":2},"end":{"line":21,"column":39}},"19":{"start":{"line":20,"column":13},"end":{"line":20,"column":27}}},"fnMap":{"0":{"name":"(anonymous_8)","decl":{"start":{"line":8,"column":28},"end":{"line":8,"column":35}},"loc":{"start":{"line":8,"column":73},"end":{"line":10,"column":2}}},"1":{"name":"(anonymous_9)","decl":{"start":{"line":8,"column":73},"end":{"line":8,"column":null}},"loc":{"start":{"line":8,"column":73},"end":{"line":10,"column":1}}},"2":{"name":"(anonymous_10)","decl":{"start":{"line":12,"column":31},"end":{"line":12,"column":38}},"loc":{"start":{"line":12,"column":90},"end":{"line":14,"column":2}}},"3":{"name":"(anonymous_11)","decl":{"start":{"line":12,"column":90},"end":{"line":12,"column":null}},"loc":{"start":{"line":12,"column":90},"end":{"line":14,"column":1}}},"4":{"name":"(anonymous_12)","decl":{"start":{"line":16,"column":29},"end":{"line":16,"column":30}},"loc":{"start":{"line":16,"column":57},"end":{"line":18,"column":1}}},"5":{"name":"(anonymous_13)","decl":{"start":{"line":20,"column":27},"end":{"line":20,"column":28}},"loc":{"start":{"line":20,"column":56},"end":{"line":22,"column":1}}}},"branchMap":{"0":{"loc":{"start":{"line":4,"column":29},"end":{"line":4,"column":67}},"type":"binary-expr","locations":[{"start":{"line":4,"column":29},"end":{"line":4,"column":59}},{"start":{"line":4,"column":63},"end":{"line":4,"column":67}}]},"1":{"loc":{"start":{"line":5,"column":19},"end":{"line":5,"column":61}},"type":"binary-expr","locations":[{"start":{"line":5,"column":19},"end":{"line":5,"column":41}},{"start":{"line":5,"column":45},"end":{"line":5,"column":61}}]},"2":{"loc":{"start":{"line":6,"column":23},"end":{"line":6,"column":57}},"type":"binary-expr","locations":[{"start":{"line":6,"column":23},"end":{"line":6,"column":49}},{"start":{"line":6,"column":53},"end":{"line":6,"column":57}}]}},"s":{"0":1,"1":1,"2":1,"3":1,"4":1,"5":1,"6":0,"7":0,"8":0,"9":1,"10":1,"11":0,"12":0,"13":1,"14":1,"15":0,"16":1,"17":1,"18":0,"19":1},"f":{"0":0,"1":0,"2":0,"3":0,"4":0,"5":0},"b":{"0":[1,0],"1":[1,0],"2":[1,0]}}
,"C:\\code\\ChatBox\\backend\\src\\utils\\cloudinary.util.ts": {"path":"C:\\code\\ChatBox\\backend\\src\\utils\\cloudinary.util.ts","statementMap":{"0":{"start":{"line":5,"column":0},"end":{"line":5,"column":22}},"1":{"start":{"line":1,"column":13},"end":{"line":1,"column":34}},"2":{"start":{"line":6,"column":48},"end":{"line":6,"column":59}},"3":{"start":{"line":7,"column":4},"end":{"line":7,"column":null}},"4":{"start":{"line":8,"column":4},"end":{"line":8,"column":null}},"5":{"start":{"line":9,"column":4},"end":{"line":13,"column":7}},"6":{"start":{"line":15,"column":4},"end":{"line":27,"column":5}},"7":{"start":{"line":16,"column":26},"end":{"line":21,"column":null}},"8":{"start":{"line":23,"column":4},"end":{"line":23,"column":29}},"9":{"start":{"line":25,"column":8},"end":{"line":25,"column":null}},"10":{"start":{"line":26,"column":8},"end":{"line":26,"column":52}}},"fnMap":{"0":{"name":"upload","decl":{"start":{"line":5,"column":22},"end":{"line":5,"column":28}},"loc":{"start":{"line":5,"column":41},"end":{"line":28,"column":null}}}},"branchMap":{},"s":{"0":1,"1":1,"2":0,"3":0,"4":0,"5":0,"6":0,"7":0,"8":0,"9":0,"10":0},"f":{"0":0},"b":{}}
}
