TN:
SF:src\app.ts
FN:90,(anonymous_1)
FNF:1
FNH:1
FNDA:1,(anonymous_1)
DA:1,1
DA:2,1
DA:3,1
DA:5,1
DA:6,1
DA:7,1
DA:8,1
DA:9,1
DA:15,1
DA:17,1
DA:19,1
DA:25,1
DA:26,1
DA:28,1
DA:35,1
DA:36,1
DA:87,1
DA:88,1
DA:89,1
DA:90,1
DA:91,1
DA:94,1
LF:22
LH:22
BRDA:29,0,0,1
BRDA:29,0,1,0
BRF:2
BRH:1
end_of_record
TN:
SF:src\config\prisma.ts
FNF:0
FNH:0
DA:1,1
DA:3,1
DA:5,1
LF:3
LH:3
BRF:0
BRH:0
end_of_record
TN:
SF:src\controllers\auth.controller.ts
FN:6,(anonymous_8)
FN:6,(anonymous_9)
FN:25,(anonymous_10)
FN:25,(anonymous_11)
FN:40,(anonymous_12)
FN:40,(anonymous_13)
FNF:6
FNH:0
FNDA:0,(anonymous_8)
FNDA:0,(anonymous_9)
FNDA:0,(anonymous_10)
FNDA:0,(anonymous_11)
FNDA:0,(anonymous_12)
FNDA:0,(anonymous_13)
DA:2,1
DA:3,1
DA:6,1
DA:7,0
DA:9,0
DA:10,0
DA:11,0
DA:12,0
DA:14,0
DA:15,0
DA:16,0
DA:18,0
DA:19,0
DA:25,1
DA:26,0
DA:27,0
DA:28,0
DA:29,0
DA:30,0
DA:32,0
DA:33,0
DA:35,0
DA:40,1
DA:42,0
DA:43,0
DA:50,0
DA:51,0
LF:27
LH:5
BRDA:11,0,0,0
BRDA:29,1,0,0
BRDA:29,2,0,0
BRDA:29,2,1,0
BRF:4
BRH:0
end_of_record
TN:
SF:src\controllers\group.controller.ts
FN:5,(anonymous_7)
FN:5,(anonymous_8)
FN:15,(anonymous_9)
FN:15,(anonymous_10)
FN:24,(anonymous_11)
FN:24,(anonymous_12)
FNF:6
FNH:0
FNDA:0,(anonymous_7)
FNDA:0,(anonymous_8)
FNDA:0,(anonymous_9)
FNDA:0,(anonymous_10)
FNDA:0,(anonymous_11)
FNDA:0,(anonymous_12)
DA:3,1
DA:5,1
DA:6,0
DA:7,0
DA:8,0
DA:9,0
DA:11,0
DA:15,1
DA:16,0
DA:17,0
DA:18,0
DA:20,0
DA:24,1
DA:25,0
DA:26,0
DA:27,0
DA:28,0
DA:30,0
LF:18
LH:4
BRF:0
BRH:0
end_of_record
TN:
SF:src\controllers\message.controller.ts
FN:7,(anonymous_7)
FN:7,(anonymous_8)
FN:28,(anonymous_9)
FN:28,(anonymous_10)
FN:40,(anonymous_11)
FN:40,(anonymous_12)
FNF:6
FNH:0
FNDA:0,(anonymous_7)
FNDA:0,(anonymous_8)
FNDA:0,(anonymous_9)
FNDA:0,(anonymous_10)
FNDA:0,(anonymous_11)
FNDA:0,(anonymous_12)
DA:3,1
DA:4,1
DA:7,1
DA:8,0
DA:9,0
DA:10,0
DA:11,0
DA:12,0
DA:14,0
DA:15,0
DA:16,0
DA:19,0
DA:20,0
DA:21,0
DA:23,0
DA:28,1
DA:29,0
DA:31,0
DA:32,0
DA:33,0
DA:34,0
DA:36,0
DA:40,1
DA:42,0
DA:44,0
DA:45,0
DA:46,0
DA:48,0
LF:28
LH:5
BRDA:14,0,0,0
BRF:1
BRH:0
end_of_record
TN:
SF:src\middleware\multerUpload.middleware.ts
FNF:0
FNH:0
DA:1,1
DA:3,1
LF:2
LH:2
BRF:0
BRH:0
end_of_record
TN:
SF:src\middleware\passport.middleware.ts
FN:17,(anonymous_8)
FN:17,(anonymous_9)
FN:45,(anonymous_10)
FN:50,(anonymous_11)
FN:50,(anonymous_12)
FNF:5
FNH:0
FNDA:0,(anonymous_8)
FNDA:0,(anonymous_9)
FNDA:0,(anonymous_10)
FNDA:0,(anonymous_11)
FNDA:0,(anonymous_12)
DA:3,1
DA:4,1
DA:5,1
DA:6,1
DA:7,1
DA:9,1
DA:17,0
DA:18,0
DA:19,0
DA:21,0
DA:22,0
DA:23,0
DA:24,0
DA:28,0
DA:30,0
DA:31,0
DA:32,0
DA:33,0
DA:36,0
DA:38,0
DA:45,1
DA:46,0
DA:50,1
DA:51,0
DA:52,0
DA:53,0
DA:55,0
DA:59,1
LF:28
LH:9
BRDA:30,0,0,0
BRF:1
BRH:0
end_of_record
TN:
SF:src\routes\auth.route.ts
FNF:0
FNH:0
DA:1,1
DA:2,1
DA:3,1
DA:4,1
DA:6,1
DA:8,1
DA:10,1
DA:12,1
DA:15,1
LF:9
LH:9
BRF:0
BRH:0
end_of_record
TN:
SF:src\routes\group.route.ts
FNF:0
FNH:0
DA:1,1
DA:2,1
DA:4,1
DA:6,1
DA:8,1
DA:10,1
DA:12,1
LF:7
LH:7
BRF:0
BRH:0
end_of_record
TN:
SF:src\routes\message.route.ts
FNF:0
FNH:0
DA:1,1
DA:2,1
DA:3,1
DA:6,1
DA:8,1
DA:10,1
DA:12,1
DA:14,1
LF:8
LH:8
BRF:0
BRH:0
end_of_record
TN:
SF:src\services\auth.service.ts
FN:11,(anonymous_8)
FN:11,(anonymous_9)
FN:17,(anonymous_10)
FN:17,(anonymous_11)
FNF:4
FNH:0
FNDA:0,(anonymous_8)
FNDA:0,(anonymous_9)
FNDA:0,(anonymous_10)
FNDA:0,(anonymous_11)
DA:1,1
DA:2,1
DA:11,1
DA:12,0
DA:14,0
DA:17,1
DA:18,0
DA:21,1
LF:8
LH:5
BRF:0
BRH:0
end_of_record
TN:
SF:src\services\group.service.ts
FN:10,(anonymous_8)
FN:10,(anonymous_9)
FN:20,(anonymous_10)
FN:20,(anonymous_11)
FN:25,(anonymous_12)
FN:25,(anonymous_13)
FNF:6
FNH:0
FNDA:0,(anonymous_8)
FNDA:0,(anonymous_9)
FNDA:0,(anonymous_10)
FNDA:0,(anonymous_11)
FNDA:0,(anonymous_12)
FNDA:0,(anonymous_13)
DA:2,1
DA:10,1
DA:12,0
DA:20,1
DA:21,0
DA:25,1
DA:26,0
LF:7
LH:4
BRF:0
BRH:0
end_of_record
TN:
SF:src\services\message.service.ts
FN:15,(anonymous_8)
FN:15,(anonymous_9)
FN:20,(anonymous_10)
FN:20,(anonymous_11)
FN:35,(anonymous_12)
FN:35,(anonymous_13)
FNF:6
FNH:0
FNDA:0,(anonymous_8)
FNDA:0,(anonymous_9)
FNDA:0,(anonymous_10)
FNDA:0,(anonymous_11)
FNDA:0,(anonymous_12)
FNDA:0,(anonymous_13)
DA:1,1
DA:15,1
DA:16,0
DA:20,1
DA:21,0
DA:35,1
DA:36,0
LF:7
LH:4
BRF:0
BRH:0
end_of_record
TN:
SF:src\utils\auth.util.ts
FN:8,(anonymous_8)
FN:8,(anonymous_9)
FN:12,(anonymous_10)
FN:12,(anonymous_11)
FN:16,(anonymous_12)
FN:20,(anonymous_13)
FNF:6
FNH:0
FNDA:0,(anonymous_8)
FNDA:0,(anonymous_9)
FNDA:0,(anonymous_10)
FNDA:0,(anonymous_11)
FNDA:0,(anonymous_12)
FNDA:0,(anonymous_13)
DA:1,1
DA:2,1
DA:4,1
DA:5,1
DA:6,1
DA:8,1
DA:9,0
DA:12,1
DA:13,0
DA:16,1
DA:17,0
DA:20,1
DA:21,0
LF:13
LH:9
BRDA:4,0,0,1
BRDA:4,0,1,0
BRDA:5,1,0,1
BRDA:5,1,1,0
BRDA:6,2,0,1
BRDA:6,2,1,0
BRF:6
BRH:3
end_of_record
TN:
SF:src\utils\cloudinary.util.ts
FN:5,upload
FNF:1
FNH:0
FNDA:0,upload
DA:1,1
DA:5,1
DA:6,0
DA:7,0
DA:8,0
DA:9,0
DA:15,0
DA:16,0
DA:23,0
DA:25,0
DA:26,0
LF:11
LH:2
BRF:0
BRH:0
end_of_record
